<?xml version="1.0" encoding="utf-8"?><testsuites name="pytest tests"><testsuite name="pytest" errors="0" failures="0" skipped="0" tests="12" time="4.510" timestamp="2026-08-12T15:03:34.988493+00:00" hostname="agent-env-e44d3f49-619f-4c89-b37a-489ce19e36c1"><testcase classname="tests.backend_test.TestLegacyAdminJWT" name="test_admin_login_ok" time="0.347" /><testcase classname="tests.backend_test.TestAuthErrors" name="test_session_exchange_invalid" time="0.398" /><testcase classname="tests.backend_test.TestLegacyAdminJWT" name="test_admin_login_bad" time="0.132" /><testcase classname="tests.backend_test.TestAuthErrors" name="test_auth_me_no_cookie" time="0.183" /><testcase classname="tests.backend_test.TestLegacyAdminJWT" name="test_admin_bookings_with_jwt" time="0.324" /><testcase classname="tests.backend_test.TestAuthErrors" name="test_me_bookings_no_auth" time="0.197" /><testcase classname="tests.backend_test.TestAuthErrors" name="test_admin_bookings_no_auth" time="0.137" /><testcase classname="tests.backend_test.TestCookieSession" name="test_admin_cookie_flow" time="0.817" /><testcase classname="tests.backend_test.TestPublic" name="test_root" time="0.143" /><testcase classname="tests.backend_test.TestPublic" name="test_create_booking_public" time="0.127" /><testcase classname="tests.backend_test.TestCookieSession" name="test_non_admin_cookie_flow" time="1.555" /><testcase classname="tests.backend_test.TestCookieSession" name="test_logout_deletes_session" time="0.363" /></testsuite></testsuites>